#
# A fatal error has been detected by the Java Runtime Environment:
#
#  Internal Error (safepoint.cpp:712), pid=30898, tid=0x0000000000009b07
#  fatal error: Illegal threadstate encountered: 4
#
# JRE version: Java(TM) SE Runtime Environment (8.0_221-b11) (build 1.8.0_221-b11)
# Java VM: Java HotSpot(TM) 64-Bit Server VM (25.221-b11 mixed mode bsd-amd64 compressed oops)
# Failed to write core dump. Core dumps have been disabled. To enable core dumping, try "ulimit -c unlimited" before starting Java again
#
# If you would like to submit a bug report, please visit:
#   http://bugreport.java.com/bugreport/crash.jsp
# The crash happened outside the Java Virtual Machine in native code.
# See problematic frame for where to report the bug.
#

---------------  T H R E A D  ---------------

Current thread (0x00007f9b56155800):  JavaThread "Thread-1" daemon [_thread_in_native, id=39687, stack(0x000070000efed000,0x000070000f0ed000)]

Stack: [0x000070000efed000,0x000070000f0ed000],  sp=0x000070000f0ebcb0,  free space=1019k
Native frames: (J=compiled Java code, j=interpreted, Vv=VM code, C=native code)
V  [libjvm.dylib+0x5b6994]
V  [libjvm.dylib+0x1e9bdd]
V  [libjvm.dylib+0x4e66a8]
V  [libjvm.dylib+0x56fa72]
V  [libjvm.dylib+0x16ab3e]
V  [libjvm.dylib+0x317599]
C  [libglass.dylib+0x51c1]  -[GlassRunnable dealloc]+0x31
C  [libobjc.A.dylib+0x25e98]  _ZN11objc_object17sidetable_releaseEbb+0xee
C  [Foundation+0x818be]  -[_NSThreadPerformInfo dealloc]+0x2a
C  [libobjc.A.dylib+0x25e98]  _ZN11objc_object17sidetable_releaseEbb+0xee
C  [Foundation+0x4e446]  -[NSObject(NSThreadPerformAdditions) performSelectorOnMainThread:withObject:waitUntilDone:]+0x7c
J 1834  com.sun.glass.ui.mac.MacApplication._submitForLaterInvocation(Ljava/lang/Runnable;)V (0 bytes) @ 0x000000010c0b6cbc [0x000000010c0b6c00+0xbc]
J 1833 C1 com.sun.glass.ui.mac.MacApplication.submitForLaterInvocation(Ljava/lang/Runnable;)V (6 bytes) @ 0x000000010c0ba1bc [0x000000010c0ba140+0x7c]
j  com.sun.glass.ui.InvokeLaterDispatcher.run()V+82
v  ~StubRoutines::call_stub
V  [libjvm.dylib+0x2f0d1e]
V  [libjvm.dylib+0x2f14c2]
V  [libjvm.dylib+0x2f166e]
V  [libjvm.dylib+0x34bf5d]
V  [libjvm.dylib+0x570b93]
V  [libjvm.dylib+0x57228e]
V  [libjvm.dylib+0x48f30a]
C  [libsystem_pthread.dylib+0x64e1]  _pthread_start+0x7d
C  [libsystem_pthread.dylib+0x1f6b]  thread_start+0xf
C  0x0000000000000000

Java frames: (J=compiled Java code, j=interpreted, Vv=VM code)
J 1834  com.sun.glass.ui.mac.MacApplication._submitForLaterInvocation(Ljava/lang/Runnable;)V (0 bytes) @ 0x000000010c0b6c4c [0x000000010c0b6c00+0x4c]
J 1833 C1 com.sun.glass.ui.mac.MacApplication.submitForLaterInvocation(Ljava/lang/Runnable;)V (6 bytes) @ 0x000000010c0ba1bc [0x000000010c0ba140+0x7c]
j  com.sun.glass.ui.InvokeLaterDispatcher.run()V+82
v  ~StubRoutines::call_stub

---------------  P R O C E S S  ---------------

Java Threads: ( => current thread )
  0x00007f9b5827b000 JavaThread "Prism Font Disposer" daemon [_thread_blocked, id=54283, stack(0x000070000f47f000,0x000070000f57f000)]
  0x00007f9b58257000 JavaThread "PulseTimer-CVDisplayLink thread" daemon [_thread_in_native, id=29959, stack(0x000070000f0f0000,0x000070000f170000)]
  0x00007f9b5693f800 JavaThread "Attach Listener" daemon [_thread_blocked, id=79107, stack(0x000070000f37c000,0x000070000f47c000)]
  0x00007f9b578c9800 JavaThread "JavaFX-Launcher" [_thread_blocked, id=52243, stack(0x000070000f279000,0x000070000f379000)]
  0x00007f9b58182000 JavaThread "JavaFX Application Thread" [_thread_in_native_trans, id=259, stack(0x00007ff7bdcee000,0x00007ff7be4ee000)]
=>0x00007f9b56155800 JavaThread "Thread-1" daemon [_thread_in_native, id=39687, stack(0x000070000efed000,0x000070000f0ed000)]
  0x00007f9b5605c800 JavaThread "QuantumRenderer-0" daemon [_thread_blocked, id=17923, stack(0x000070000eeea000,0x000070000efea000)]
  0x00007f9b5808d800 JavaThread "Service Thread" daemon [_thread_blocked, id=15107, stack(0x000070000ece4000,0x000070000ede4000)]
  0x00007f9b58022000 JavaThread "C1 CompilerThread2" daemon [_thread_blocked, id=18947, stack(0x000070000ebe1000,0x000070000ece1000)]
  0x00007f9b5681e800 JavaThread "C2 CompilerThread1" daemon [_thread_blocked, id=14595, stack(0x000070000eade000,0x000070000ebde000)]
  0x00007f9b5681d800 JavaThread "C2 CompilerThread0" daemon [_thread_blocked, id=14083, stack(0x000070000e9db000,0x000070000eadb000)]
  0x00007f9b57870800 JavaThread "Monitor Ctrl-Break" daemon [_thread_in_native, id=19459, stack(0x000070000e8d8000,0x000070000e9d8000)]
  0x00007f9b58021800 JavaThread "Signal Dispatcher" daemon [_thread_blocked, id=19715, stack(0x000070000e7d5000,0x000070000e8d5000)]
  0x00007f9b56035000 JavaThread "Finalizer" daemon [_thread_blocked, id=12035, stack(0x000070000e5cc000,0x000070000e6cc000)]
  0x00007f9b5780c800 JavaThread "Reference Handler" daemon [_thread_blocked, id=21507, stack(0x000070000e4c9000,0x000070000e5c9000)]
  0x00007f9b56809000 JavaThread "main" [_thread_blocked, id=3331, stack(0x000070000deb7000,0x000070000dfb7000)]

Other Threads:
  0x00007f9b58013000 VMThread [stack: 0x000070000e3c6000,0x000070000e4c6000] [id=11267]
  0x00007f9b5787d800 WatcherThread [stack: 0x000070000ede7000,0x000070000eee7000] [id=18179]

VM state:not at safepoint (normal execution)

VM Mutex/Monitor currently owned by a thread: None

heap address: 0x0000000740000000, size: 2048 MB, Compressed Oops mode: Zero based, Oop shift amount: 3
Narrow klass base: 0x0000000000000000, Narrow klass shift: 3
Compressed class space size: 1073741824 Address: 0x00000007c0000000

Heap:
 PSYoungGen      total 38400K, used 20767K [0x0000000795580000, 0x0000000798000000, 0x00000007c0000000)
  eden space 33280K, 51% used [0x0000000795580000,0x000000079662bc48,0x0000000797600000)
  from space 5120K, 72% used [0x0000000797600000,0x000000079799c030,0x0000000797b00000)
  to   space 5120K, 0% used [0x0000000797b00000,0x0000000797b00000,0x0000000798000000)
 ParOldGen       total 87552K, used 16K [0x0000000740000000, 0x0000000745580000, 0x0000000795580000)
  object space 87552K, 0% used [0x0000000740000000,0x0000000740004000,0x0000000745580000)
 Metaspace       used 15526K, capacity 16274K, committed 16384K, reserved 1062912K
  class space    used 2122K, capacity 2291K, committed 2304K, reserved 1048576K

Card table byte_map: [0x0000000101ff6000,0x00000001023f7000] byte_map_base: 0x00000000fe5f6000

Marking Bits: (ParMarkBitMap*) 0x00000001033cae40
 Begin Bits: [0x0000000103a88000, 0x0000000105a88000)
 End Bits:   [0x0000000105a88000, 0x0000000107a88000)

Polling page: 0x0000000101b4c000

CodeCache: size=245760Kb used=7449Kb max_used=7459Kb free=238311Kb
 bounds [0x000000010bb40000, 0x000000010c290000, 0x000000011ab40000]
 total_blobs=3091 nmethods=2451 adapters=553
 compilation: enabled

Compilation events (10 events):
Event: 25.490 Thread 0x00007f9b5681e800 nmethod 2446 0x000000010c27d0d0 code [0x000000010c27d260, 0x000000010c27d418]
Event: 25.492 Thread 0x00007f9b58022000 nmethod 2447 0x000000010c286050 code [0x000000010c286540, 0x000000010c289648]
Event: 25.989 Thread 0x00007f9b58022000 2451       3       com.sun.prism.impl.ManagedResource::bumpAge (18 bytes)
Event: 25.990 Thread 0x00007f9b58022000 nmethod 2451 0x000000010c27d650 code [0x000000010c27d7c0, 0x000000010c27d950]
Event: 26.485 Thread 0x00007f9b58022000 2452       3       com.sun.javafx.sg.prism.NGNode::getClippedBounds (78 bytes)
Event: 26.487 Thread 0x00007f9b58022000 nmethod 2452 0x000000010c27ef90 code [0x000000010c27f1c0, 0x000000010c27fe28]
Event: 26.734 Thread 0x00007f9b5681d800 2453       4       java.util.concurrent.locks.AbstractQueuedSynchronizer::release (33 bytes)
Event: 26.739 Thread 0x00007f9b5681d800 nmethod 2453 0x000000010c28d690 code [0x000000010c28d800, 0x000000010c28d9e8]
Event: 26.989 Thread 0x00007f9b58022000 2454       1       com.sun.prism.impl.ps.CachingShapeRepState$MaskTexData::access$300 (5 bytes)
Event: 26.989 Thread 0x00007f9b58022000 nmethod 2454 0x000000010c27ecd0 code [0x000000010c27ee20, 0x000000010c27ef10]

GC Heap History (2 events):
Event: 2.418 GC heap before
{Heap before GC invocations=1 (full 0):
 PSYoungGen      total 38400K, used 33280K [0x0000000795580000, 0x0000000798000000, 0x00000007c0000000)
  eden space 33280K, 100% used [0x0000000795580000,0x0000000797600000,0x0000000797600000)
  from space 5120K, 0% used [0x0000000797b00000,0x0000000797b00000,0x0000000798000000)
  to   space 5120K, 0% used [0x0000000797600000,0x0000000797600000,0x0000000797b00000)
 ParOldGen       total 87552K, used 0K [0x0000000740000000, 0x0000000745580000, 0x0000000795580000)
  object space 87552K, 0% used [0x0000000740000000,0x0000000740000000,0x0000000745580000)
 Metaspace       used 12110K, capacity 12630K, committed 12928K, reserved 1060864K
  class space    used 1688K, capacity 1829K, committed 1920K, reserved 1048576K
Event: 2.436 GC heap after
Heap after GC invocations=1 (full 0):
 PSYoungGen      total 38400K, used 3696K [0x0000000795580000, 0x0000000798000000, 0x00000007c0000000)
  eden space 33280K, 0% used [0x0000000795580000,0x0000000795580000,0x0000000797600000)
  from space 5120K, 72% used [0x0000000797600000,0x000000079799c030,0x0000000797b00000)
  to   space 5120K, 0% used [0x0000000797b00000,0x0000000797b00000,0x0000000798000000)
 ParOldGen       total 87552K, used 16K [0x0000000740000000, 0x0000000745580000, 0x0000000795580000)
  object space 87552K, 0% used [0x0000000740000000,0x0000000740004000,0x0000000745580000)
 Metaspace       used 12110K, capacity 12630K, committed 12928K, reserved 1060864K
  class space    used 1688K, capacity 1829K, committed 1920K, reserved 1048576K
}

Deoptimization events (10 events):
Event: 1.740 Thread 0x00007f9b58182000 Uncommon trap: reason=class_check action=maybe_recompile pc=0x000000010bc61b50 method=java.lang.String.equals(Ljava/lang/Object;)Z @ 8
Event: 1.742 Thread 0x00007f9b58182000 Uncommon trap: reason=class_check action=maybe_recompile pc=0x000000010bc61b50 method=java.lang.String.equals(Ljava/lang/Object;)Z @ 8
Event: 2.348 Thread 0x00007f9b58182000 Uncommon trap: reason=unstable_if action=reinterpret pc=0x000000010bd9b2e0 method=java.lang.CharacterData.of(I)Ljava/lang/CharacterData; @ 4
Event: 2.796 Thread 0x00007f9b5605c800 Uncommon trap: reason=unstable_if action=reinterpret pc=0x000000010bdf0114 method=sun.net.www.ParseUtil.encodePath(Ljava/lang/String;Z)Ljava/lang/String; @ 109
Event: 2.797 Thread 0x00007f9b58182000 Uncommon trap: reason=unstable_if action=reinterpret pc=0x000000010be23f24 method=jdk.internal.org.objectweb.asm.Type.getArgumentsAndReturnSizes(Ljava/lang/String;)I @ 47
Event: 4.400 Thread 0x00007f9b58182000 Uncommon trap: reason=null_check action=make_not_entrant pc=0x000000010be8f314 method=javafx.scene.Node.getParent()Ljavafx/scene/Parent; @ 18
Event: 8.187 Thread 0x00007f9b58182000 Uncommon trap: reason=array_check action=maybe_recompile pc=0x000000010c010e34 method=com.sun.javafx.css.SimpleSelector.applies(Ljavafx/css/Styleable;[Ljava/util/Set;I)Z @ 37
Event: 8.187 Thread 0x00007f9b58182000 Uncommon trap: reason=array_check action=maybe_recompile pc=0x000000010c010e34 method=com.sun.javafx.css.SimpleSelector.applies(Ljavafx/css/Styleable;[Ljava/util/Set;I)Z @ 37
Event: 8.187 Thread 0x00007f9b58182000 Uncommon trap: reason=array_check action=maybe_recompile pc=0x000000010c010e34 method=com.sun.javafx.css.SimpleSelector.applies(Ljavafx/css/Styleable;[Ljava/util/Set;I)Z @ 37
Event: 8.187 Thread 0x00007f9b58182000 Uncommon trap: reason=array_check action=maybe_recompile pc=0x000000010c010e34 method=com.sun.javafx.css.SimpleSelector.applies(Ljavafx/css/Styleable;[Ljava/util/Set;I)Z @ 37

Classes redefined (0 events):
No events

Internal exceptions (10 events):
Event: 0.349 Thread 0x00007f9b56809000 Exception <a 'java/lang/NoSuchFieldError': method resolution failed> (0x000000079595c880) thrown at [/Users/java_re/workspace/8-2-build-macosx-x86_64/jdk8u221/13320/hotspot/src/share/vm/prims/methodHandles.cpp, line 1167]
Event: 0.384 Thread 0x00007f9b56809000 Exception <a 'java/security/PrivilegedActionException'> (0x0000000795a0b700) thrown at [/Users/java_re/workspace/8-2-build-macosx-x86_64/jdk8u221/13320/hotspot/src/share/vm/prims/jvm.cpp, line 1502]
Event: 0.384 Thread 0x00007f9b56809000 Exception <a 'java/security/PrivilegedActionException'> (0x0000000795a0b910) thrown at [/Users/java_re/workspace/8-2-build-macosx-x86_64/jdk8u221/13320/hotspot/src/share/vm/prims/jvm.cpp, line 1502]
Event: 0.385 Thread 0x00007f9b56809000 Exception <a 'java/security/PrivilegedActionException'> (0x0000000795a0ec40) thrown at [/Users/java_re/workspace/8-2-build-macosx-x86_64/jdk8u221/13320/hotspot/src/share/vm/prims/jvm.cpp, line 1502]
Event: 0.385 Thread 0x00007f9b56809000 Exception <a 'java/security/PrivilegedActionException'> (0x0000000795a0ee50) thrown at [/Users/java_re/workspace/8-2-build-macosx-x86_64/jdk8u221/13320/hotspot/src/share/vm/prims/jvm.cpp, line 1502]
Event: 0.385 Thread 0x00007f9b56809000 Exception <a 'java/lang/NullPointerException'> (0x0000000795a0f858) thrown at [/Users/java_re/workspace/8-2-build-macosx-x86_64/jdk8u221/13320/hotspot/src/share/vm/interpreter/linkResolver.cpp, line 1185]
Event: 1.173 Thread 0x00007f9b58182000 Exception <a 'java/lang/NullPointerException'> (0x00000007966238e0) thrown at [/Users/java_re/workspace/8-2-build-macosx-x86_64/jdk8u221/13320/hotspot/src/share/vm/interpreter/linkResolver.cpp, line 1185]
Event: 1.173 Thread 0x00007f9b58182000 Exception <a 'java/lang/NullPointerException'> (0x00000007966238e0) thrown at [/Users/java_re/workspace/8-2-build-macosx-x86_64/jdk8u221/13320/hotspot/src/share/vm/prims/jvm.cpp, line 1506]
Event: 1.542 Thread 0x00007f9b58182000 Implicit null exception at 0x000000010bdd1035 to 0x000000010bdd1231
Event: 4.400 Thread 0x00007f9b58182000 Implicit null exception at 0x000000010be8f2b1 to 0x000000010be8f309

Events (10 events):
Event: 8.187 Thread 0x00007f9b58182000 Uncommon trap: trap_request=0xffffffd6 fr.pc=0x000000010c010e34
Event: 8.187 Thread 0x00007f9b58182000 DEOPT PACKING pc=0x000000010c010e34 sp=0x00007ff7be4e6bf0
Event: 8.187 Thread 0x00007f9b58182000 DEOPT UNPACKING pc=0x000000010bb8573a sp=0x00007ff7be4e6b70 mode 2
Event: 8.187 Thread 0x00007f9b58182000 Uncommon trap: trap_request=0xffffffd6 fr.pc=0x000000010c010e34
Event: 8.187 Thread 0x00007f9b58182000 DEOPT PACKING pc=0x000000010c010e34 sp=0x00007ff7be4e6bf0
Event: 8.187 Thread 0x00007f9b58182000 DEOPT UNPACKING pc=0x000000010bb8573a sp=0x00007ff7be4e6b70 mode 2
Event: 16.488 Thread 0x00007f9b5605c800 DEOPT PACKING pc=0x000000010bfec003 sp=0x000070000efe6cf0
Event: 16.488 Thread 0x00007f9b5605c800 DEOPT UNPACKING pc=0x000000010bb87784 sp=0x000070000efe6a80 mode 0
Event: 21.352 loading class java/util/WeakHashMap$1
Event: 21.352 loading class java/util/WeakHashMap$1 done


Dynamic libraries:
0x00007ff83303f000 	/System/Library/Frameworks/Cocoa.framework/Versions/A/Cocoa
0x00007ff81ec93000 	/System/Library/Frameworks/AppKit.framework/Versions/C/AppKit
0x00007ff8221aa000 	/System/Library/Frameworks/CoreData.framework/Versions/A/CoreData
0x00007ff81d096000 	/System/Library/Frameworks/Foundation.framework/Versions/C/Foundation
0x00007ff826fcd000 	/usr/lib/libSystem.B.dylib
0x00007ff81fb23000 	/System/Library/PrivateFrameworks/UIFoundation.framework/Versions/A/UIFoundation
0x00007ff82cf40000 	/System/Library/PrivateFrameworks/RemoteViewServices.framework/Versions/A/RemoteViewServices
0x00007ff825221000 	/System/Library/PrivateFrameworks/XCTTargetBootstrap.framework/Versions/A/XCTTargetBootstrap
0x00007ff828dd6000 	/System/Library/PrivateFrameworks/InternationalSupport.framework/Versions/A/InternationalSupport
0x00007ff828e60000 	/System/Library/PrivateFrameworks/UserActivity.framework/Versions/A/UserActivity
0x00007ff8281b4000 	/usr/lib/libspindump.dylib
0x00007ff81fdb2000 	/System/Library/Frameworks/UniformTypeIdentifiers.framework/Versions/A/UniformTypeIdentifiers
0x00007ff823945000 	/usr/lib/libapp_launch_measurement.dylib
0x00007ff822b7c000 	/System/Library/PrivateFrameworks/CoreAnalytics.framework/Versions/A/CoreAnalytics
0x00007ff823948000 	/System/Library/PrivateFrameworks/CoreAutoLayout.framework/Versions/A/CoreAutoLayout
0x00007ff824b78000 	/System/Library/Frameworks/Metal.framework/Versions/A/Metal
0x00007ff8258a7000 	/usr/lib/liblangid.dylib
0x00007ff825226000 	/System/Library/PrivateFrameworks/CoreSVG.framework/Versions/A/CoreSVG
0x00007ff82119e000 	/System/Library/PrivateFrameworks/SkyLight.framework/Versions/A/SkyLight
0x00007ff82153d000 	/System/Library/Frameworks/CoreGraphics.framework/Versions/A/CoreGraphics
0x00007ff82d600000 	/System/Library/Frameworks/Accelerate.framework/Versions/A/Accelerate
0x00007ff827c33000 	/System/Library/PrivateFrameworks/IconServices.framework/Versions/A/IconServices
0x00007ff824b5d000 	/System/Library/Frameworks/IOSurface.framework/Versions/A/IOSurface
0x00007ff822baa000 	/usr/lib/libDiagnosticMessagesClient.dylib
0x00007ff826eed000 	/usr/lib/libz.1.dylib
0x00007ff830ce3000 	/System/Library/Frameworks/ApplicationServices.framework/Versions/A/ApplicationServices
0x00007ff82520d000 	/System/Library/PrivateFrameworks/DFRFoundation.framework/Versions/A/DFRFoundation
0x00007ff81e57b000 	/usr/lib/libicucore.A.dylib
0x00007ff829bcc000 	/System/Library/Frameworks/AudioToolbox.framework/Versions/A/AudioToolbox
0x00007ff828de2000 	/System/Library/PrivateFrameworks/DataDetectorsCore.framework/Versions/A/DataDetectorsCore
0x00007ff9252dd000 	/System/Library/PrivateFrameworks/TextInput.framework/Versions/A/TextInput
0x00007ff821121000 	/usr/lib/libMobileGestalt.dylib
0x00007ff824f19000 	/System/Library/Frameworks/Carbon.framework/Versions/A/Frameworks/HIToolbox.framework/Versions/A/HIToolbox
0x00007ff823347000 	/System/Library/Frameworks/QuartzCore.framework/Versions/A/QuartzCore
0x00007ff81e220000 	/System/Library/Frameworks/Security.framework/Versions/A/Security
0x00007ff82cf78000 	/System/Library/Frameworks/Carbon.framework/Versions/A/Frameworks/SpeechRecognition.framework/Versions/A/SpeechRecognition
0x00007ff8236a5000 	/System/Library/PrivateFrameworks/CoreUI.framework/Versions/A/CoreUI
0x00007ff81daea000 	/System/Library/Frameworks/CoreAudio.framework/Versions/A/CoreAudio
0x00007ff822c99000 	/System/Library/Frameworks/DiskArbitration.framework/Versions/A/DiskArbitration
0x00007ff8285a2000 	/System/Library/PrivateFrameworks/MultitouchSupport.framework/Versions/A/MultitouchSupport
0x00007ff821120000 	/usr/lib/libenergytrace.dylib
0x00007ff81eb7f000 	/System/Library/Frameworks/IOKit.framework/Versions/A/IOKit
0x00007ff82d368000 	/System/Library/Frameworks/CoreServices.framework/Versions/A/CoreServices
0x00007ff8238df000 	/System/Library/PrivateFrameworks/PerformanceAnalysis.framework/Versions/A/PerformanceAnalysis
0x00007ffa34fbf000 	/System/Library/Frameworks/OpenGL.framework/Versions/A/OpenGL
0x00007ff826509000 	/System/Library/PrivateFrameworks/MobileKeyBag.framework/Versions/A/MobileKeyBag
0x00007ff81c060000 	/usr/lib/libobjc.A.dylib
0x00007ff821c09000 	/System/Library/Frameworks/ColorSync.framework/Versions/A/ColorSync
0x00007ff81c21a000 	/System/Library/Frameworks/CoreFoundation.framework/Versions/A/CoreFoundation
0x00007ff82549d000 	/System/Library/Frameworks/CoreImage.framework/Versions/A/CoreImage
0x00007ff81d8fe000 	/System/Library/Frameworks/CoreText.framework/Versions/A/CoreText
0x00007ff825256000 	/System/Library/Frameworks/ImageIO.framework/Versions/A/ImageIO
0x00007ff826fd3000 	/System/Library/PrivateFrameworks/SoftLinking.framework/Versions/A/SoftLinking
0x00007ff823990000 	/usr/lib/libxml2.2.dylib
0x00007ff81c126000 	/usr/lib/libc++.1.dylib
0x00007ff827257000 	/usr/lib/libcompression.dylib
0x00007ff828d09000 	/System/Library/PrivateFrameworks/TextureIO.framework/Versions/A/TextureIO
0x00007ff827945000 	/usr/lib/libate.dylib
0x00007ff826fc8000 	/usr/lib/system/libcache.dylib
0x00007ff826f84000 	/usr/lib/system/libcommonCrypto.dylib
0x00007ff826fad000 	/usr/lib/system/libcompiler_rt.dylib
0x00007ff826fa3000 	/usr/lib/system/libcopyfile.dylib
0x00007ff81bf5b000 	/usr/lib/system/libcorecrypto.dylib
0x00007ff81c019000 	/usr/lib/system/libdispatch.dylib
0x00007ff81c1d9000 	/usr/lib/system/libdyld.dylib
0x00007ff826fbf000 	/usr/lib/system/libkeymgr.dylib
0x00007ff826f62000 	/usr/lib/system/libmacho.dylib
0x00007ff8265e3000 	/usr/lib/system/libquarantine.dylib
0x00007ff826fbd000 	/usr/lib/system/libremovefile.dylib
0x00007ff82116e000 	/usr/lib/system/libsystem_asl.dylib
0x00007ff81bf04000 	/usr/lib/system/libsystem_blocks.dylib
0x00007ff81c09d000 	/usr/lib/system/libsystem_c.dylib
0x00007ff826fb5000 	/usr/lib/system/libsystem_collections.dylib
0x00007ff825897000 	/usr/lib/system/libsystem_configuration.dylib
0x00007ff824b40000 	/usr/lib/system/libsystem_containermanager.dylib
0x00007ff826c9a000 	/usr/lib/system/libsystem_coreservices.dylib
0x00007ff81e80f000 	/usr/lib/system/libsystem_darwin.dylib
0x00007ff826fc0000 	/usr/lib/system/libsystem_dnssd.dylib
0x00007ff81c09a000 	/usr/lib/system/libsystem_featureflags.dylib
0x00007ff81c1ef000 	/usr/lib/system/libsystem_info.dylib
0x00007ff826f00000 	/usr/lib/system/libsystem_m.dylib
0x00007ff81bfed000 	/usr/lib/system/libsystem_malloc.dylib
0x00007ff821109000 	/usr/lib/system/libsystem_networkextension.dylib
0x00007ff81ec35000 	/usr/lib/system/libsystem_notify.dylib
0x00007ff82d23d000 	/usr/lib/system/libsystem_product_info_filter.dylib
0x00007ff82589b000 	/usr/lib/system/libsystem_sandbox.dylib
0x00007ff826fba000 	/usr/lib/system/libsystem_secinit.dylib
0x00007ff81c195000 	/usr/lib/system/libsystem_kernel.dylib
0x00007ff81c1e5000 	/usr/lib/system/libsystem_platform.dylib
0x00007ff81c1cd000 	/usr/lib/system/libsystem_pthread.dylib
0x00007ff8229bc000 	/usr/lib/system/libsystem_symptoms.dylib
0x00007ff81bf42000 	/usr/lib/system/libsystem_trace.dylib
0x00007ff826f90000 	/usr/lib/system/libunwind.dylib
0x00007ff81bf06000 	/usr/lib/system/libxpc.dylib
0x00007ff81c17f000 	/usr/lib/libc++abi.dylib
0x00007ff826f9b000 	/usr/lib/liboah.dylib
0x00007ff827721000 	/usr/lib/liblzma.5.dylib
0x00007ff81cda8000 	/System/Library/Frameworks/SystemConfiguration.framework/Versions/A/SystemConfiguration
0x00007ff826fcf000 	/usr/lib/libfakelink.dylib
0x00007ff820c79000 	/System/Library/Frameworks/CFNetwork.framework/Versions/A/CFNetwork
0x00007ff827110000 	/usr/lib/libarchive.2.dylib
0x00007ff8258a3000 	/System/Library/PrivateFrameworks/AppleSystemInfo.framework/Versions/A/AppleSystemInfo
0x00007ff82660a000 	/usr/lib/libbsm.0.dylib
0x00007ff820288000 	/usr/lib/libnetwork.dylib
0x00007ff826f68000 	/usr/lib/system/libkxld.dylib
0x00007ff82623d000 	/System/Library/PrivateFrameworks/IOMobileFramebuffer.framework/Versions/A/IOMobileFramebuffer
0x00007ffb3498e000 	/usr/lib/libCoreEntitlements.dylib
0x00007ff826c7c000 	/System/Library/PrivateFrameworks/AppleFSCompression.framework/Versions/A/AppleFSCompression
0x00007ff8265f2000 	/usr/lib/libcoretls.dylib
0x00007ff82773b000 	/usr/lib/libcoretls_cfhelpers.dylib
0x00007ff827252000 	/usr/lib/libpam.2.dylib
0x00007ff8225db000 	/usr/lib/libsqlite3.dylib
0x00007ff8277aa000 	/usr/lib/libxar.1.dylib
0x00007ff826c8c000 	/usr/lib/libbz2.1.0.dylib
0x00007ff826fd4000 	/usr/lib/libpcap.A.dylib
0x00007ff8229b4000 	/usr/lib/libdns_services.dylib
0x00007ff827222000 	/usr/lib/libapple_nghttp2.dylib
0x00007ff82700e000 	/usr/lib/libiconv.2.dylib
0x00007ff826f61000 	/usr/lib/libcharset.1.dylib
0x00007ff823913000 	/System/Library/Frameworks/CoreServices.framework/Versions/A/Frameworks/FSEvents.framework/Versions/A/FSEvents
0x00007ff81e819000 	/System/Library/Frameworks/CoreServices.framework/Versions/A/Frameworks/CarbonCore.framework/Versions/A/CarbonCore
0x00007ff822bfd000 	/System/Library/Frameworks/CoreServices.framework/Versions/A/Frameworks/Metadata.framework/Versions/A/Metadata
0x00007ff826c9f000 	/System/Library/Frameworks/CoreServices.framework/Versions/A/Frameworks/OSServices.framework/Versions/A/OSServices
0x00007ff827197000 	/System/Library/Frameworks/CoreServices.framework/Versions/A/Frameworks/SearchKit.framework/Versions/A/SearchKit
0x00007ff822946000 	/System/Library/Frameworks/CoreServices.framework/Versions/A/Frameworks/AE.framework/Versions/A/AE
0x00007ff81c71d000 	/System/Library/Frameworks/CoreServices.framework/Versions/A/Frameworks/LaunchServices.framework/Versions/A/LaunchServices
0x00007ff8276d2000 	/System/Library/Frameworks/CoreServices.framework/Versions/A/Frameworks/DictionaryServices.framework/Versions/A/DictionaryServices
0x00007ff823920000 	/System/Library/Frameworks/CoreServices.framework/Versions/A/Frameworks/SharedFileList.framework/Versions/A/SharedFileList
0x00007ff8265e6000 	/usr/lib/libCheckFix.dylib
0x00007ff821185000 	/System/Library/PrivateFrameworks/TCC.framework/Versions/A/TCC
0x00007ff8258a9000 	/System/Library/PrivateFrameworks/CoreNLP.framework/Versions/A/CoreNLP
0x00007ff822bad000 	/System/Library/PrivateFrameworks/MetadataUtilities.framework/Versions/A/MetadataUtilities
0x00007ff81ce59000 	/usr/lib/libmecabra.dylib
0x00007ff82661a000 	/usr/lib/libmecab.dylib
0x00007ff81ce24000 	/usr/lib/libCRFSuite.dylib
0x00007ff826674000 	/usr/lib/libgermantok.dylib
0x00007ff8271fd000 	/usr/lib/libThaiTokenizer.dylib
0x00007ff822ca0000 	/System/Library/Frameworks/Accelerate.framework/Versions/A/Frameworks/vImage.framework/Versions/A/vImage
0x00007ff82d33f000 	/System/Library/Frameworks/Accelerate.framework/Versions/A/Frameworks/vecLib.framework/Versions/A/vecLib
0x00007ff8277eb000 	/System/Library/Frameworks/Accelerate.framework/Versions/A/Frameworks/vecLib.framework/Versions/A/libvMisc.dylib
0x00007ff826068000 	/System/Library/Frameworks/Accelerate.framework/Versions/A/Frameworks/vecLib.framework/Versions/A/libvDSP.dylib
0x00007ff81ca98000 	/System/Library/Frameworks/Accelerate.framework/Versions/A/Frameworks/vecLib.framework/Versions/A/libBLAS.dylib
0x00007ff827334000 	/System/Library/Frameworks/Accelerate.framework/Versions/A/Frameworks/vecLib.framework/Versions/A/libLAPACK.dylib
0x00007ff826677000 	/System/Library/Frameworks/Accelerate.framework/Versions/A/Frameworks/vecLib.framework/Versions/A/libLinearAlgebra.dylib
0x00007ff82723a000 	/System/Library/Frameworks/Accelerate.framework/Versions/A/Frameworks/vecLib.framework/Versions/A/libSparseBLAS.dylib
0x00007ff82732e000 	/System/Library/Frameworks/Accelerate.framework/Versions/A/Frameworks/vecLib.framework/Versions/A/libQuadrature.dylib
0x00007ff825994000 	/System/Library/Frameworks/Accelerate.framework/Versions/A/Frameworks/vecLib.framework/Versions/A/libBNNS.dylib
0x00007ff81cd32000 	/System/Library/Frameworks/Accelerate.framework/Versions/A/Frameworks/vecLib.framework/Versions/A/libSparse.dylib
0x00007ff82598d000 	/System/Library/PrivateFrameworks/LinguisticData.framework/Versions/A/LinguisticData
0x00007ff81cce8000 	/System/Library/PrivateFrameworks/Lexicon.framework/Versions/A/Lexicon
0x00007ff8277e4000 	/usr/lib/libChineseTokenizer.dylib
0x00007ff81d453000 	/System/Library/PrivateFrameworks/LanguageModeling.framework/Versions/A/LanguageModeling
0x00007ff8271ff000 	/System/Library/PrivateFrameworks/AppleSauce.framework/Versions/A/AppleSauce
0x00007ff82622b000 	/System/Library/PrivateFrameworks/CoreEmoji.framework/Versions/A/CoreEmoji
0x00007ff8270ff000 	/usr/lib/libcmph.dylib
0x00007ff8238f7000 	/System/Library/Frameworks/OpenDirectory.framework/Versions/A/Frameworks/CFOpenDirectory.framework/Versions/A/CFOpenDirectory
0x00007ff8238eb000 	/System/Library/Frameworks/OpenDirectory.framework/Versions/A/OpenDirectory
0x00007ff82773d000 	/System/Library/PrivateFrameworks/APFS.framework/Versions/A/APFS
0x00007ff826541000 	/System/Library/Frameworks/SecurityFoundation.framework/Versions/A/SecurityFoundation
0x00007ff8277b8000 	/usr/lib/libutil.dylib
0x00007ff81eb43000 	/System/Library/PrivateFrameworks/CoreServicesStore.framework/Versions/A/CoreServicesStore
0x00007ff8277bc000 	/usr/lib/libxslt.1.dylib
0x00007ff8265ce000 	/System/Library/PrivateFrameworks/BackgroundTaskManagement.framework/Versions/A/BackgroundTaskManagement
0x00007ff828c29000 	/System/Library/Frameworks/ImageIO.framework/Versions/A/Resources/libRadiance.dylib
0x00007ff828c32000 	/System/Library/Frameworks/ImageIO.framework/Versions/A/Resources/libJPEG.dylib
0x00007ff828b81000 	/System/Library/Frameworks/ImageIO.framework/Versions/A/Resources/libPng.dylib
0x00007ff828ba2000 	/System/Library/Frameworks/ImageIO.framework/Versions/A/Resources/libTIFF.dylib
0x00007ff828c92000 	/System/Library/Frameworks/ImageIO.framework/Versions/A/Resources/libGIF.dylib
0x00007ff8284bc000 	/System/Library/Frameworks/ImageIO.framework/Versions/A/Resources/libJP2.dylib
0x00007ff827bfa000 	/usr/lib/libexpat.1.dylib
0x00007ff828471000 	/System/Library/PrivateFrameworks/AppleJPEG.framework/Versions/A/AppleJPEG
0x00007ff824ddd000 	/System/Library/PrivateFrameworks/FontServices.framework/libFontParser.dylib
0x00007ff8228f0000 	/System/Library/PrivateFrameworks/RunningBoardServices.framework/Versions/A/RunningBoardServices
0x00007ff8335fa000 	/System/Library/PrivateFrameworks/IOSurfaceAccelerator.framework/Versions/A/IOSurfaceAccelerator
0x00007ff82859e000 	/System/Library/PrivateFrameworks/WatchdogClient.framework/Versions/A/WatchdogClient
0x00007ff81d541000 	/System/Library/Frameworks/CoreDisplay.framework/Versions/A/CoreDisplay
0x00007ff824cdb000 	/System/Library/Frameworks/CoreMedia.framework/Versions/A/CoreMedia
0x00007ff824b6f000 	/System/Library/PrivateFrameworks/IOAccelerator.framework/Versions/A/IOAccelerator
0x00007ff823a74000 	/System/Library/Frameworks/CoreVideo.framework/Versions/A/CoreVideo
0x00007ff827250000 	/System/Library/Frameworks/MetalPerformanceShaders.framework/Versions/A/MetalPerformanceShaders
0x00007ff8285db000 	/System/Library/Frameworks/VideoToolbox.framework/Versions/A/VideoToolbox
0x00007ff82283a000 	/System/Library/PrivateFrameworks/BaseBoard.framework/Versions/A/BaseBoard
0x00007ff8225c1000 	/System/Library/PrivateFrameworks/ProtocolBuffer.framework/Versions/A/ProtocolBuffer
0x00007ff828c22000 	/System/Library/PrivateFrameworks/GPUWrangler.framework/Versions/A/GPUWrangler
0x00007ff828c06000 	/System/Library/PrivateFrameworks/IOPresentment.framework/Versions/A/IOPresentment
0x00007ff828c2c000 	/System/Library/PrivateFrameworks/DSExternalDisplay.framework/Versions/A/DSExternalDisplay
0x00007ffa34fb3000 	/System/Library/Frameworks/OpenGL.framework/Versions/A/Libraries/libCoreFSCache.dylib
0x00007ffb2208a000 	/System/Library/PrivateFrameworks/GPUCompiler.framework/Versions/31001/Libraries/libGPUCompilerUtils.dylib
0x00007ff828c97000 	/System/Library/PrivateFrameworks/CMCaptureCore.framework/Versions/A/CMCaptureCore
0x00007ff8281a2000 	/System/Library/PrivateFrameworks/AppServerSupport.framework/Versions/A/AppServerSupport
0x00007ff82a465000 	/System/Library/PrivateFrameworks/perfdata.framework/Versions/A/perfdata
0x00007ff81d66d000 	/System/Library/PrivateFrameworks/AudioToolboxCore.framework/Versions/A/AudioToolboxCore
0x00007ff824cb9000 	/System/Library/PrivateFrameworks/caulk.framework/Versions/A/caulk
0x00007ff829d77000 	/usr/lib/libAudioStatistics.dylib
0x00007ff921a6b000 	/System/Library/PrivateFrameworks/SystemPolicy.framework/Versions/A/SystemPolicy
0x00007ff829fd2000 	/usr/lib/libSMC.dylib
0x00007ff832ef2000 	/System/Library/Frameworks/CoreMIDI.framework/Versions/A/CoreMIDI
0x00007ff828b50000 	/usr/lib/libAudioToolboxUtility.dylib
0x00007ff91dc97000 	/System/Library/PrivateFrameworks/OSAServicesClient.framework/Versions/A/OSAServicesClient
0x00007ff82a472000 	/usr/lib/libperfcheck.dylib
0x00007ff922518000 	/usr/lib/libmis.dylib
0x00007ffa3500e000 	/System/Library/Frameworks/OpenGL.framework/Versions/A/Libraries/libGLU.dylib
0x00007ffa34fd2000 	/System/Library/Frameworks/OpenGL.framework/Versions/A/Libraries/libGFXShared.dylib
0x00007ffa351db000 	/System/Library/Frameworks/OpenGL.framework/Versions/A/Libraries/libGL.dylib
0x00007ffa34fdb000 	/System/Library/Frameworks/OpenGL.framework/Versions/A/Libraries/libGLImage.dylib
0x00007ffa34fcf000 	/System/Library/Frameworks/OpenGL.framework/Versions/A/Libraries/libCVMSPluginSupport.dylib
0x00007ffa34fba000 	/System/Library/Frameworks/OpenGL.framework/Versions/A/Libraries/libCoreVMClient.dylib
0x00007ff825825000 	/System/Library/Frameworks/MetalPerformanceShaders.framework/Versions/A/Frameworks/MPSCore.framework/Versions/A/MPSCore
0x00007ff826be7000 	/System/Library/Frameworks/MetalPerformanceShaders.framework/Versions/A/Frameworks/MPSImage.framework/Versions/A/MPSImage
0x00007ff82668d000 	/System/Library/Frameworks/MetalPerformanceShaders.framework/Versions/A/Frameworks/MPSNeuralNetwork.framework/Versions/A/MPSNeuralNetwork
0x00007ff826b01000 	/System/Library/Frameworks/MetalPerformanceShaders.framework/Versions/A/Frameworks/MPSMatrix.framework/Versions/A/MPSMatrix
0x00007ff8268bc000 	/System/Library/Frameworks/MetalPerformanceShaders.framework/Versions/A/Frameworks/MPSRayIntersector.framework/Versions/A/MPSRayIntersector
0x00007ff826b39000 	/System/Library/Frameworks/MetalPerformanceShaders.framework/Versions/A/Frameworks/MPSNDArray.framework/Versions/A/MPSNDArray
0x00007ffa3aa93000 	/System/Library/Frameworks/MetalPerformanceShaders.framework/Versions/A/Frameworks/MPSFunctions.framework/Versions/A/MPSFunctions
0x00007ff81c974000 	/System/Library/PrivateFrameworks/MetalTools.framework/Versions/A/MetalTools
0x00007ff8258a1000 	/System/Library/PrivateFrameworks/AggregateDictionary.framework/Versions/A/AggregateDictionary
0x00007ff8279dc000 	/usr/lib/libIOReport.dylib
0x00007ffa365ea000 	/System/Library/Frameworks/OpenCL.framework/Versions/A/OpenCL
0x00007ff827d40000 	/System/Library/PrivateFrameworks/FaceCore.framework/Versions/A/FaceCore
0x00007ff827d31000 	/System/Library/PrivateFrameworks/GraphVisualizer.framework/Versions/A/GraphVisualizer
0x00007ffb21f95000 	/System/Library/PrivateFrameworks/FontServices.framework/Versions/A/FontServices
0x00007ff82815a000 	/System/Library/PrivateFrameworks/OTSVG.framework/Versions/A/OTSVG
0x00007ff82365a000 	/System/Library/Frameworks/ApplicationServices.framework/Versions/A/Frameworks/ATS.framework/Versions/A/Resources/libFontRegistry.dylib
0x00007ff8281aa000 	/System/Library/PrivateFrameworks/FontServices.framework/libhvf.dylib
0x00007ffb21f96000 	/System/Library/PrivateFrameworks/FontServices.framework/libXTFontStaticRegistryData.dylib
0x00007ff827baa000 	/System/Library/PrivateFrameworks/AppleVA.framework/Versions/A/AppleVA
0x00007ff829d97000 	/System/Library/Frameworks/ApplicationServices.framework/Versions/A/Frameworks/ATS.framework/Versions/A/ATS
0x00007ff821d07000 	/System/Library/Frameworks/ApplicationServices.framework/Versions/A/Frameworks/HIServices.framework/Versions/A/HIServices
0x00007ff828ca1000 	/System/Library/Frameworks/ApplicationServices.framework/Versions/A/Frameworks/PrintCore.framework/Versions/A/PrintCore
0x00007ff82a125000 	/System/Library/Frameworks/ApplicationServices.framework/Versions/A/Frameworks/QD.framework/Versions/A/QD
0x00007ff82a11d000 	/System/Library/Frameworks/ApplicationServices.framework/Versions/A/Frameworks/ColorSyncLegacy.framework/Versions/A/ColorSyncLegacy
0x00007ff829d87000 	/System/Library/Frameworks/ApplicationServices.framework/Versions/A/Frameworks/SpeechSynthesis.framework/Versions/A/SpeechSynthesis
0x00007ff828c62000 	/System/Library/Frameworks/ApplicationServices.framework/Versions/A/Frameworks/ATSUI.framework/Versions/A/ATSUI
0x00007ff82a0b2000 	/usr/lib/libcups.2.dylib
0x00007ff82a481000 	/System/Library/Frameworks/Kerberos.framework/Versions/A/Kerberos
0x00007ff82a490000 	/System/Library/Frameworks/GSS.framework/Versions/A/GSS
0x00007ff829e03000 	/usr/lib/libresolv.9.dylib
0x00007ff8281b9000 	/System/Library/PrivateFrameworks/Heimdal.framework/Versions/A/Heimdal
0x00007ff831075000 	/System/Library/Frameworks/Kerberos.framework/Versions/A/Libraries/libHeimdalProxy.dylib
0x00007ff8229c4000 	/System/Library/Frameworks/Network.framework/Versions/A/Network
0x00007ff827c14000 	/usr/lib/libheimdal-asn1.dylib
0x00007ff82a4db000 	/System/Library/PrivateFrameworks/CommonAuth.framework/Versions/A/CommonAuth
0x00007ff829d09000 	/System/Library/PrivateFrameworks/AudioSession.framework/Versions/A/AudioSession
0x00007ff827ca4000 	/System/Library/PrivateFrameworks/MediaExperience.framework/Versions/A/MediaExperience
0x00007ff829b9b000 	/System/Library/PrivateFrameworks/AudioSession.framework/libSessionUtility.dylib
0x00007ff82a131000 	/System/Library/PrivateFrameworks/AudioResourceArbitration.framework/Versions/A/AudioResourceArbitration
0x00007ff82e1b2000 	/System/Library/PrivateFrameworks/PowerLog.framework/Versions/A/PowerLog
0x00007ff827c1d000 	/System/Library/PrivateFrameworks/IconFoundation.framework/Versions/A/IconFoundation
0x00007ff82cf68000 	/System/Library/PrivateFrameworks/SpeechRecognitionCore.framework/Versions/A/SpeechRecognitionCore
0x0000000102acf000 	/Library/Java/JavaVirtualMachines/jdk1.8.0_221.jdk/Contents/Home/jre/lib/server/libjvm.dylib
0x00007ffb3541a000 	/usr/lib/libstdc++.6.dylib
0x0000000101b59000 	/Library/Java/JavaVirtualMachines/jdk1.8.0_221.jdk/Contents/Home/jre/lib/libverify.dylib
0x0000000101b9d000 	/Library/Java/JavaVirtualMachines/jdk1.8.0_221.jdk/Contents/Home/jre/lib/libjava.dylib
0x0000000101bd3000 	/Library/Java/JavaVirtualMachines/jdk1.8.0_221.jdk/Contents/Home/jre/lib/libinstrument.dylib
0x0000000101b70000 	/Library/Java/JavaVirtualMachines/jdk1.8.0_221.jdk/Contents/Home/jre/lib/libzip.dylib
0x000000010a1c5000 	/Library/Java/JavaVirtualMachines/jdk1.8.0_221.jdk/Contents/Home/jre/lib/libnet.dylib
0x000000010a273000 	/Library/Java/JavaVirtualMachines/jdk1.8.0_221.jdk/Contents/Home/jre/lib/libprism_es2.dylib
0x00007ff81eb05000 	/System/Library/PrivateFrameworks/CoreServicesInternal.framework/Versions/A/CoreServicesInternal
0x00007ffa351e6000 	/System/Library/Frameworks/OpenGL.framework/Versions/A/Resources/GLEngine.bundle/GLEngine
0x00007ffa3504c000 	/System/Library/Frameworks/OpenGL.framework/Versions/A/Libraries/libGLProgrammability.dylib
0x00007ffa2cabc000 	/System/Library/Extensions/AppleIntelSKLGraphicsGLDriver.bundle/Contents/MacOS/AppleIntelSKLGraphicsGLDriver
0x00007ff92c6b3000 	/System/Library/PrivateFrameworks/GPUSupport.framework/Versions/A/Libraries/libGPUSupportMercury.dylib
0x00007ffa35370000 	/System/Library/Frameworks/OpenGL.framework/Versions/A/Resources/GLRendererFloat.bundle/GLRendererFloat
0x000000010aeb3000 	/Library/Java/JavaVirtualMachines/jdk1.8.0_221.jdk/Contents/Home/jre/lib/libglass.dylib
0x00007ff82e7a3000 	/System/Library/Frameworks/FileProvider.framework/Versions/A/FileProvider
0x00007ff8227a7000 	/System/Library/Frameworks/Accounts.framework/Versions/A/Accounts
0x00007ff82e91c000 	/System/Library/PrivateFrameworks/GenerationalStorage.framework/Versions/A/GenerationalStorage
0x00007ff82f42c000 	/System/Library/PrivateFrameworks/CoreSymbolication.framework/Versions/A/CoreSymbolication
0x00007ff82e1a7000 	/System/Library/PrivateFrameworks/SymptomDiagnosticReporter.framework/Versions/A/SymptomDiagnosticReporter
0x00007ff81fdc6000 	/System/Library/PrivateFrameworks/DesktopServicesPriv.framework/Versions/A/DesktopServicesPriv
0x00007ff81ec44000 	/usr/lib/libsandbox.1.dylib
0x00007ff823af3000 	/System/Library/PrivateFrameworks/UserManagement.framework/Versions/A/UserManagement
0x00007ff82f3f1000 	/System/Library/PrivateFrameworks/DebugSymbols.framework/Versions/A/DebugSymbols
0x00007ff82a112000 	/System/Library/PrivateFrameworks/NetAuth.framework/Versions/A/NetAuth
0x00007ff82b021000 	/System/Library/PrivateFrameworks/Sharing.framework/Versions/A/Sharing
0x00007ff823ac6000 	/System/Library/PrivateFrameworks/login.framework/Versions/A/Frameworks/loginsupport.framework/Versions/A/loginsupport
0x00007ff83058f000 	/System/Library/PrivateFrameworks/Apple80211.framework/Versions/A/Apple80211
0x00007ff826ccc000 	/System/Library/PrivateFrameworks/AuthKit.framework/Versions/A/AuthKit
0x00007ff826321000 	/System/Library/PrivateFrameworks/CoreUtils.framework/Versions/A/CoreUtils
0x00007ff826248000 	/System/Library/Frameworks/CoreWLAN.framework/Versions/A/CoreWLAN
0x00007ff82b180000 	/System/Library/Frameworks/IOBluetooth.framework/Versions/A/IOBluetooth
0x00007ff8305f7000 	/System/Library/PrivateFrameworks/CoreWiFi.framework/Versions/A/CoreWiFi
0x00007ff82efc6000 	/System/Library/PrivateFrameworks/FrontBoardServices.framework/Versions/A/FrontBoardServices
0x00007ff82f057000 	/System/Library/PrivateFrameworks/BoardServices.framework/Versions/A/BoardServices
0x00007ff826530000 	/System/Library/PrivateFrameworks/AssertionServices.framework/Versions/A/AssertionServices
0x00007ff83077a000 	/System/Library/PrivateFrameworks/BackBoardServices.framework/Versions/A/BackBoardServices
0x00007ff82a56c000 	/System/Library/PrivateFrameworks/CorePhoneNumbers.framework/Versions/A/CorePhoneNumbers
0x00007ff829e30000 	/System/Library/PrivateFrameworks/MultiverseSupport.framework/Versions/A/MultiverseSupport
0x00007ff8309ee000 	/System/Library/PrivateFrameworks/RemoteServiceDiscovery.framework/Versions/A/RemoteServiceDiscovery
0x00007ff82e2c4000 	/System/Library/PrivateFrameworks/DiskManagement.framework/Versions/A/DiskManagement
0x00007ff82e1d8000 	/System/Library/PrivateFrameworks/AppleIDAuthSupport.framework/Versions/A/AppleIDAuthSupport
0x00007ffb1c910000 	/System/Library/PrivateFrameworks/AAAFoundation.framework/Versions/A/AAAFoundation
0x00007ff82a54d000 	/System/Library/PrivateFrameworks/KeychainCircle.framework/Versions/A/KeychainCircle
0x00007ff8309fe000 	/System/Library/PrivateFrameworks/RemoteXPC.framework/Versions/A/RemoteXPC
0x00007ff82e290000 	/System/Library/PrivateFrameworks/MediaKit.framework/Versions/A/MediaKit
0x00007ff82e1e4000 	/System/Library/Frameworks/DiscRecording.framework/Versions/A/DiscRecording
0x00007ff827b22000 	/usr/lib/libCoreStorage.dylib
0x00007ff830a69000 	/usr/lib/libcsfde.dylib
0x00007ff82b24d000 	/System/Library/PrivateFrameworks/ProtectedCloudStorage.framework/Versions/A/ProtectedCloudStorage
0x00007ff830a65000 	/System/Library/PrivateFrameworks/EFILogin.framework/Versions/A/EFILogin
0x00007ff82e942000 	/System/Library/PrivateFrameworks/OctagonTrust.framework/Versions/A/OctagonTrust
0x00007ffb211f8000 	/System/Library/PrivateFrameworks/CoreUtilsExtras.framework/Versions/A/CoreUtilsExtras
0x00007ff82e10b000 	/System/Library/Frameworks/CoreBluetooth.framework/Versions/A/CoreBluetooth
0x00007ff8310fa000 	/System/Library/Frameworks/AudioUnit.framework/Versions/A/AudioUnit
0x00007ff827b1a000 	/usr/lib/libMatch.1.dylib
0x00007ff926b3c000 	/System/Library/Frameworks/Accelerate.framework/Versions/A/Frameworks/vImage.framework/Versions/A/Libraries/libCGInterfaces.dylib
0x000000010ba55000 	/usr/lib/libobjc-trampolines.dylib
0x00007ff833602000 	/System/Library/PrivateFrameworks/FamilyControls.framework/Versions/A/FamilyControls
0x00007ff833626000 	/System/Library/PrivateFrameworks/CommerceKit.framework/Versions/A/Frameworks/CommerceCore.framework/Versions/A/CommerceCore
0x00007ff82d684000 	/System/Library/PrivateFrameworks/SystemAdministration.framework/Versions/A/SystemAdministration
0x00007ff82b234000 	/System/Library/PrivateFrameworks/AppContainer.framework/Versions/A/AppContainer
0x00007ff82b249000 	/System/Library/PrivateFrameworks/SecCodeWrapper.framework/Versions/A/SecCodeWrapper
0x00007ff8279e5000 	/System/Library/PrivateFrameworks/CrashReporterSupport.framework/Versions/A/CrashReporterSupport
0x00007ff92e554000 	/System/Library/PrivateFrameworks/OSAnalytics.framework/Versions/A/OSAnalytics
0x00007ff939706000 	/System/Library/PrivateFrameworks/Symbolication.framework/Versions/A/Symbolication
0x00007ff9224f5000 	/System/Library/PrivateFrameworks/MallocStackLogging.framework/Versions/A/MallocStackLogging
0x00007ff828270000 	/System/Library/PrivateFrameworks/login.framework/Versions/A/login
0x00007ff828ecb000 	/System/Library/Frameworks/MediaToolbox.framework/Versions/A/MediaToolbox
0x00007ff82cf34000 	/System/Library/Frameworks/DirectoryService.framework/Versions/A/DirectoryService
0x00007ff830906000 	/System/Library/PrivateFrameworks/DiskImages.framework/Versions/A/DiskImages
0x00007ff8265d8000 	/System/Library/Frameworks/ServiceManagement.framework/Versions/A/ServiceManagement
0x00007ff830ae3000 	/System/Library/PrivateFrameworks/LoginUIKit.framework/Versions/A/Frameworks/LoginUICore.framework/Versions/A/LoginUICore
0x00007ff828419000 	/usr/lib/libodfde.dylib
0x00007ff82e773000 	/System/Library/PrivateFrameworks/CoreAVCHD.framework/Versions/A/CoreAVCHD
0x00007ff82d648000 	/System/Library/Frameworks/MediaAccessibility.framework/Versions/A/MediaAccessibility
0x00007ff82e76f000 	/System/Library/PrivateFrameworks/Mangrove.framework/Versions/A/Mangrove
0x00007ff82d653000 	/System/Library/PrivateFrameworks/AlgosScoreFramework.framework/Versions/A/AlgosScoreFramework
0x00007ffb1e4ec000 	/System/Library/PrivateFrameworks/CMPhoto.framework/Versions/A/CMPhoto
0x00007ff82f2c7000 	/System/Library/PrivateFrameworks/AppleVPA.framework/Versions/A/AppleVPA
0x00007ff82e3b4000 	/System/Library/PrivateFrameworks/CoreAUC.framework/Versions/A/CoreAUC
0x00007ff830a75000 	/usr/lib/libcurl.4.dylib
0x00007ffb34ee9000 	/usr/lib/libcrypto.46.dylib
0x00007ffb353de000 	/usr/lib/libssl.48.dylib
0x00007ff830798000 	/System/Library/Frameworks/LDAP.framework/Versions/A/LDAP
0x00007ff8307d0000 	/System/Library/PrivateFrameworks/TrustEvaluationAgent.framework/Versions/A/TrustEvaluationAgent
0x00007ff829e1c000 	/usr/lib/libsasl2.2.dylib
0x00007ff82d678000 	/System/Library/PrivateFrameworks/CoreDaemon.framework/Versions/B/CoreDaemon
0x00007ff82d673000 	/System/Library/PrivateFrameworks/AppleSRP.framework/Versions/A/AppleSRP
0x00007ff8237eb000 	/System/Library/PrivateFrameworks/ViewBridge.framework/Versions/A/ViewBridge
0x000000011ddda000 	/Library/Java/JavaVirtualMachines/jdk1.8.0_221.jdk/Contents/Home/jre/lib/libjavafx_font.dylib
0x00007ffb34a7d000 	/usr/lib/libRosetta.dylib
0x000000011f424000 	/Library/Java/JavaVirtualMachines/jdk1.8.0_221.jdk/Contents/Home/jre/lib/libprism_common.dylib

VM Arguments:
jvm_args: -javaagent:/Applications/IntelliJ IDEA CE.app/Contents/lib/idea_rt.jar=56471:/Applications/IntelliJ IDEA CE.app/Contents/bin -Dfile.encoding=UTF-8 
java_command: textstatistics.TextStatisticsApplication
java_class_path (initial): /Library/Java/JavaVirtualMachines/jdk1.8.0_221.jdk/Contents/Home/jre/lib/charsets.jar:/Library/Java/JavaVirtualMachines/jdk1.8.0_221.jdk/Contents/Home/jre/lib/deploy.jar:/Library/Java/JavaVirtualMachines/jdk1.8.0_221.jdk/Contents/Home/jre/lib/ext/cldrdata.jar:/Library/Java/JavaVirtualMachines/jdk1.8.0_221.jdk/Contents/Home/jre/lib/ext/dnsns.jar:/Library/Java/JavaVirtualMachines/jdk1.8.0_221.jdk/Contents/Home/jre/lib/ext/jaccess.jar:/Library/Java/JavaVirtualMachines/jdk1.8.0_221.jdk/Contents/Home/jre/lib/ext/jfxrt.jar:/Library/Java/JavaVirtualMachines/jdk1.8.0_221.jdk/Contents/Home/jre/lib/ext/localedata.jar:/Library/Java/JavaVirtualMachines/jdk1.8.0_221.jdk/Contents/Home/jre/lib/ext/nashorn.jar:/Library/Java/JavaVirtualMachines/jdk1.8.0_221.jdk/Contents/Home/jre/lib/ext/sunec.jar:/Library/Java/JavaVirtualMachines/jdk1.8.0_221.jdk/Contents/Home/jre/lib/ext/sunjce_provider.jar:/Library/Java/JavaVirtualMachines/jdk1.8.0_221.jdk/Contents/Home/jre/lib/ext/sunpkcs11.jar:/Library/Java/JavaVirtualMachines/jdk1.8.0_221.jdk/Contents/Home/jre/lib/ext/zipfs.jar:/Library/Java/JavaVirtualMachines/jdk1.8.0_221.jdk/Contents/Home/jre/lib/javaws.jar:/Library/Java/JavaVirtualMachines/jdk1.8.0_221.jdk/Contents/Home/jre/lib/jce.jar:/Library/Java/JavaVirtualMachines/jdk1.8.0_221.jdk/Contents/Home/jre/lib/jfr.jar:/Library/Java/JavaVirtualMachines/jdk1.8.0_221.jdk/Contents/Home/jre/lib/jfxswt.jar:/Library/Java/JavaVirtualMachines/jdk1.8.0_221.jdk/Contents/Home/jre/lib/jsse.jar:/Library/Java/JavaVirtualMachines/jdk1.8.0_221.jdk/Contents/Home/jre/lib/management-agent.jar:/Library/Java/JavaVirtualMachines/jdk1.8.0_221.jdk/Contents/Home/jre/lib/plugin.jar:/Library/Java/JavaVirtualMachines/jdk1.8.0_221.jdk/Contents/Home/jre/lib/resources.jar:/Library/Java/JavaVirtualMachines/jdk1.8.0_221.jdk/Contents/Home/jre/lib/rt.jar:/Users/anantarajshrestha/Desktop/learn /part13/Part13_07.TextStatisticsPart2/target/classes:/Applications/IntelliJ IDEA CE.app/Contents/lib/idea_rt.
Launcher Type: SUN_STANDARD

Environment Variables:
JAVA_HOME=/Library/Java/JavaVirtualMachines/jdk1.8.0_221.jdk/Contents/Home/bin
PATH=/usr/local/bin:/usr/bin:/bin:/usr/sbin:/sbin
SHELL=/bin/bash

Signal Handlers:
SIGSEGV: [libjvm.dylib+0x5b71a7], sa_mask[0]=11111111011111110111111111111111, sa_flags=SA_ONSTACK|SA_RESTART|SA_SIGINFO
SIGBUS: [libjvm.dylib+0x5b71a7], sa_mask[0]=11111111011111110111111111111111, sa_flags=SA_RESTART|SA_SIGINFO
SIGFPE: [libjvm.dylib+0x48c8fc], sa_mask[0]=11111111011111110111111111111111, sa_flags=SA_RESTART|SA_SIGINFO
SIGPIPE: [libjvm.dylib+0x48c8fc], sa_mask[0]=11111111011111110111111111111111, sa_flags=SA_RESTART|SA_SIGINFO
SIGXFSZ: [libjvm.dylib+0x48c8fc], sa_mask[0]=11111111011111110111111111111111, sa_flags=SA_RESTART|SA_SIGINFO
SIGILL: [libjvm.dylib+0x48c8fc], sa_mask[0]=11111111011111110111111111111111, sa_flags=SA_RESTART|SA_SIGINFO
SIGUSR1: SIG_DFL, sa_mask[0]=00000000000000000000000000000000, sa_flags=none
SIGUSR2: [libjvm.dylib+0x48c41a], sa_mask[0]=00100000000000000000000000000000, sa_flags=SA_RESTART|SA_SIGINFO
SIGHUP: [libjvm.dylib+0x48a9a5], sa_mask[0]=11111111011111110111111111111111, sa_flags=SA_RESTART|SA_SIGINFO
SIGINT: [libjvm.dylib+0x48a9a5], sa_mask[0]=11111111011111110111111111111111, sa_flags=SA_RESTART|SA_SIGINFO
SIGTERM: [libjvm.dylib+0x48a9a5], sa_mask[0]=11111111011111110111111111111111, sa_flags=SA_RESTART|SA_SIGINFO
SIGQUIT: [libjvm.dylib+0x48a9a5], sa_mask[0]=11111111011111110111111111111111, sa_flags=SA_RESTART|SA_SIGINFO


---------------  S Y S T E M  ---------------

OS:Bsduname:Darwin 21.6.0 Darwin Kernel Version 21.6.0: Mon Aug 22 20:17:10 PDT 2022; root:xnu-8020.140.49~2/RELEASE_X86_64 x86_64
rlimit: STACK 8192k, CORE 0k, NPROC 1392, NOFILE 10240, AS infinity
load average:4.86 5.30 5.05

CPU:total 4 (initial active 4) (2 cores per cpu, 2 threads per core) family 6 model 78 stepping 3, cmov, cx8, fxsr, mmx, sse, sse2, sse3, ssse3, sse4.1, sse4.2, popcnt, avx, avx2, aes, clmul, erms, 3dnowpref, lzcnt, ht, tsc, tscinvbit, bmi1, bmi2, adx

Memory: 4k page, physical 8388608k(37376k free)

/proc/meminfo:


vm_info: Java HotSpot(TM) 64-Bit Server VM (25.221-b11) for bsd-amd64 JRE (1.8.0_221-b11), built on Jul  4 2019 04:36:22 by "java_re" with gcc 4.2.1 (Based on Apple Inc. build 5658) (LLVM build 2336.11.00)

time: Mon Oct  3 21:55:00 2022
timezone: CDT
elapsed time: 27 seconds (0d 0h 0m 27s)

